<?xml version="1.0" encoding="UTF-8" ?>
<testsuite errors="0" failures="0" hostname="Genesis2-Dev" name="edu.virginia.vcgr.genii.security.utils.TestSecurityUtilities" skipped="0" tests="3" time="0.6" timestamp="2020-03-26T14:20:44">
  <properties>
[...]
</properties>
  <testcase classname="edu.virginia.vcgr.genii.security.utils.TestSecurityUtilities" name="testIsCertRevoked" time="0.002" />
  <testcase classname="edu.virginia.vcgr.genii.security.utils.TestSecurityUtilities" name="testCreateCertStoreFromCRLs" time="0.0" />
  <testcase classname="edu.virginia.vcgr.genii.security.utils.TestSecurityUtilities" name="testLoadCRLsFromDirectory" time="0.0" />
  <system-out><![CDATA[]]></system-out>
  <system-err><![CDATA[]]></system-err>
</testsuite>
